<?xml version="1.0" encoding="UTF-8"?>
<testsuite name="CarSetTest" tests="3" skipped="0" failures="0" errors="0" timestamp="2020-11-17T07:32:50" hostname="WIN-9IM0UKOG952" time="0.01">
  <properties/>
  <testcase name="whenAddThreeSimilarObjectsThenSizeIncreaseBy1" classname="CarSetTest" time="0.008"/>
  <testcase name="WhenSetClearThenSize0" classname="CarSetTest" time="0.0"/>
  <testcase name="ThenElementRemoveThenSizeDecrease" classname="CarSetTest" time="0.0"/>
  <system-out><![CDATA[]]></system-out>
  <system-err><![CDATA[]]></system-err>
</testsuite>
